<?xml version="1.0" encoding="UTF-8"?>
<testsuite xmlns:xsi="http://www.w3.org/2001/XMLSchema-instance" xsi:noNamespaceSchemaLocation="https://maven.apache.org/surefire/maven-failsafe-plugin/xsd/failsafe-test-report-3.0.xsd" version="3.0" name="ch.hslu.appe.micro.CustomerControllerTestIT" time="0.208" tests="4" errors="0" skipped="0" failures="1">
  <properties>
[...]
</properties>
  <testcase name="testGetOneByID" classname="ch.hslu.appe.micro.CustomerControllerTestIT" time="0.098">
    <failure type="org.opentest4j.AssertionFailedError"><![CDATA[org.opentest4j.AssertionFailedError: 

Expecting:
 <500>
to be equal to:
 <200>
but was not.
	at ch.hslu.appe.micro.CustomerControllerTestIT.testGetOneByID(CustomerControllerTestIT.java:22)
]]></failure>
  </testcase>
  <testcase name="testGetAllCustomers" classname="ch.hslu.appe.micro.CustomerControllerTestIT" time="0.046"/>
  <testcase name="testCreateOne" classname="ch.hslu.appe.micro.CustomerControllerTestIT" time="0.031"/>
  <testcase name="testgetOneByName" classname="ch.hslu.appe.micro.CustomerControllerTestIT" time="0.032"/>
</testsuite>